0 info it worked if it ends with ok
1 verbose cli [ '/usr/local/bin/node',
1 verbose cli   '/usr/local/bin/npm',
1 verbose cli   'install',
1 verbose cli   '-g',
1 verbose cli   'n' ]
2 info using npm@1.3.24
3 info using node@v0.10.25
4 verbose cache add [ 'n', null ]
5 verbose cache add name=undefined spec="n" args=["n",null]
6 verbose parsed url { protocol: null,
6 verbose parsed url   slashes: null,
6 verbose parsed url   auth: null,
6 verbose parsed url   host: null,
6 verbose parsed url   port: null,
6 verbose parsed url   hostname: null,
6 verbose parsed url   hash: null,
6 verbose parsed url   search: null,
6 verbose parsed url   query: null,
6 verbose parsed url   pathname: 'n',
6 verbose parsed url   path: 'n',
6 verbose parsed url   href: 'n' }
7 silly lockFile d1854cae-n n
8 verbose lock n /Users/nicholas/.npm/d1854cae-n.lock
9 silly lockFile d1854cae-n n
10 silly lockFile d1854cae-n n
11 verbose addNamed [ 'n', '' ]
12 verbose addNamed [ null, '*' ]
13 silly lockFile 6b58d7dc-n n@
14 verbose lock n@ /Users/nicholas/.npm/6b58d7dc-n.lock
15 silly addNameRange { name: 'n', range: '*', hasData: false }
16 verbose url raw n
17 verbose url resolving [ 'https://registry.npmjs.org/', './n' ]
18 verbose url resolved https://registry.npmjs.org/n
19 info trying registry request attempt 1 at 15:59:57
20 verbose etag "5E4FJJ0AR2QF82OX2ECJ23CQP"
21 http GET https://registry.npmjs.org/n
22 http 200 https://registry.npmjs.org/n
23 silly registry.get cb [ 200,
23 silly registry.get   { server: 'CouchDB/1.5.0 (Erlang OTP/R16B03)',
23 silly registry.get     etag: '"CQRAE3S08ZF3931POL0AZRADY"',
23 silly registry.get     'content-type': 'application/json',
23 silly registry.get     'cache-control': 'max-age=60',
23 silly registry.get     'content-length': '47876',
23 silly registry.get     'accept-ranges': 'bytes',
23 silly registry.get     date: 'Thu, 13 Aug 2015 19:59:59 GMT',
23 silly registry.get     via: '1.1 varnish',
23 silly registry.get     age: '0',
23 silly registry.get     connection: 'keep-alive',
23 silly registry.get     'x-served-by': 'cache-atl6221-ATL',
23 silly registry.get     'x-cache': 'HIT',
23 silly registry.get     'x-cache-hits': '1',
23 silly registry.get     'x-timer': 'S1439495999.757490,VS0,VE30',
23 silly registry.get     vary: 'Accept' } ]
24 silly addNameRange number 2 { name: 'n', range: '*', hasData: true }
25 silly addNameRange versions [ 'n',
25 silly addNameRange   [ '0.0.1',
25 silly addNameRange     '0.0.2',
25 silly addNameRange     '0.0.3',
25 silly addNameRange     '0.0.4',
25 silly addNameRange     '0.1.0',
25 silly addNameRange     '0.1.1',
25 silly addNameRange     '0.1.2',
25 silly addNameRange     '0.2.0',
25 silly addNameRange     '0.2.1',
25 silly addNameRange     '0.2.2',
25 silly addNameRange     '0.3.0',
25 silly addNameRange     '0.4.0',
25 silly addNameRange     '0.4.1',
25 silly addNameRange     '0.4.2',
25 silly addNameRange     '0.5.0',
25 silly addNameRange     '0.5.1',
25 silly addNameRange     '0.5.2',
25 silly addNameRange     '0.5.3',
25 silly addNameRange     '0.5.4',
25 silly addNameRange     '0.6.0',
25 silly addNameRange     '0.6.1',
25 silly addNameRange     '0.7.0',
25 silly addNameRange     '0.7.1',
25 silly addNameRange     '0.7.2',
25 silly addNameRange     '0.7.3',
25 silly addNameRange     '0.8.0',
25 silly addNameRange     '0.8.1',
25 silly addNameRange     '0.8.2',
25 silly addNameRange     '0.9.0',
25 silly addNameRange     '0.9.1',
25 silly addNameRange     '0.9.2',
25 silly addNameRange     '0.9.3',
25 silly addNameRange     '1.0.0',
25 silly addNameRange     '1.1.0',
25 silly addNameRange     '1.2.1',
25 silly addNameRange     '1.2.2',
25 silly addNameRange     '1.2.3',
25 silly addNameRange     '1.2.4',
25 silly addNameRange     '1.2.5',
25 silly addNameRange     '1.2.6',
25 silly addNameRange     '1.2.7',
25 silly addNameRange     '1.2.8',
25 silly addNameRange     '1.2.9',
25 silly addNameRange     '1.2.11',
25 silly addNameRange     '1.2.13',
25 silly addNameRange     '1.2.14',
25 silly addNameRange     '1.3.0',
25 silly addNameRange     '1.4.0',
25 silly addNameRange     '2.0.0',
25 silly addNameRange     '1.4.1',
25 silly addNameRange     '2.0.1' ] ]
26 verbose addNamed [ 'n', '2.0.1' ]
27 verbose addNamed [ '2.0.1', '2.0.1' ]
28 silly lockFile d13bfc7e-n-2-0-1 n@2.0.1
29 verbose lock n@2.0.1 /Users/nicholas/.npm/d13bfc7e-n-2-0-1.lock
30 silly lockFile d1b20b4a-registry-npmjs-org-n-n-2-0-1-tgz https://registry.npmjs.org/n/-/n-2.0.1.tgz
31 verbose lock https://registry.npmjs.org/n/-/n-2.0.1.tgz /Users/nicholas/.npm/d1b20b4a-registry-npmjs-org-n-n-2-0-1-tgz.lock
32 verbose addRemoteTarball [ 'https://registry.npmjs.org/n/-/n-2.0.1.tgz',
32 verbose addRemoteTarball   'b327196797e9cd2d48f6d1fe6a8191ec4a92c4c1' ]
33 info retry fetch attempt 1 at 16:00:00
34 verbose fetch to= /var/folders/gh/3kgx81z17kn_zwtnm5qm327r0000gn/T/npm-12976-WenWPsnD/1439496000315-0.4382139283698052/tmp.tgz
35 http GET https://registry.npmjs.org/n/-/n-2.0.1.tgz
36 http 200 https://registry.npmjs.org/n/-/n-2.0.1.tgz
37 verbose tar unpack /var/folders/gh/3kgx81z17kn_zwtnm5qm327r0000gn/T/npm-12976-WenWPsnD/1439496000315-0.4382139283698052/tmp.tgz
38 silly lockFile 6cd702bc-00315-0-4382139283698052-package tar:///var/folders/gh/3kgx81z17kn_zwtnm5qm327r0000gn/T/npm-12976-WenWPsnD/1439496000315-0.4382139283698052/package
39 verbose lock tar:///var/folders/gh/3kgx81z17kn_zwtnm5qm327r0000gn/T/npm-12976-WenWPsnD/1439496000315-0.4382139283698052/package /Users/nicholas/.npm/6cd702bc-00315-0-4382139283698052-package.lock
40 silly lockFile bc798a9d-00315-0-4382139283698052-tmp-tgz tar:///var/folders/gh/3kgx81z17kn_zwtnm5qm327r0000gn/T/npm-12976-WenWPsnD/1439496000315-0.4382139283698052/tmp.tgz
41 verbose lock tar:///var/folders/gh/3kgx81z17kn_zwtnm5qm327r0000gn/T/npm-12976-WenWPsnD/1439496000315-0.4382139283698052/tmp.tgz /Users/nicholas/.npm/bc798a9d-00315-0-4382139283698052-tmp-tgz.lock
42 silly gunzTarPerm modes [ '755', '644' ]
43 silly gunzTarPerm extractEntry package.json
44 silly gunzTarPerm extractEntry Makefile
45 silly gunzTarPerm extractEntry Readme.md
46 silly gunzTarPerm extractEntry bin/n
47 silly lockFile 6cd702bc-00315-0-4382139283698052-package tar:///var/folders/gh/3kgx81z17kn_zwtnm5qm327r0000gn/T/npm-12976-WenWPsnD/1439496000315-0.4382139283698052/package
48 silly lockFile 6cd702bc-00315-0-4382139283698052-package tar:///var/folders/gh/3kgx81z17kn_zwtnm5qm327r0000gn/T/npm-12976-WenWPsnD/1439496000315-0.4382139283698052/package
49 silly lockFile bc798a9d-00315-0-4382139283698052-tmp-tgz tar:///var/folders/gh/3kgx81z17kn_zwtnm5qm327r0000gn/T/npm-12976-WenWPsnD/1439496000315-0.4382139283698052/tmp.tgz
50 silly lockFile bc798a9d-00315-0-4382139283698052-tmp-tgz tar:///var/folders/gh/3kgx81z17kn_zwtnm5qm327r0000gn/T/npm-12976-WenWPsnD/1439496000315-0.4382139283698052/tmp.tgz
51 verbose tar pack [ '/Users/nicholas/.npm/n/2.0.1/package.tgz',
51 verbose tar pack   '/var/folders/gh/3kgx81z17kn_zwtnm5qm327r0000gn/T/npm-12976-WenWPsnD/1439496000315-0.4382139283698052/package' ]
52 verbose tarball /Users/nicholas/.npm/n/2.0.1/package.tgz
53 verbose folder /var/folders/gh/3kgx81z17kn_zwtnm5qm327r0000gn/T/npm-12976-WenWPsnD/1439496000315-0.4382139283698052/package
54 silly lockFile 6cd702bc-00315-0-4382139283698052-package tar:///var/folders/gh/3kgx81z17kn_zwtnm5qm327r0000gn/T/npm-12976-WenWPsnD/1439496000315-0.4382139283698052/package
55 verbose lock tar:///var/folders/gh/3kgx81z17kn_zwtnm5qm327r0000gn/T/npm-12976-WenWPsnD/1439496000315-0.4382139283698052/package /Users/nicholas/.npm/6cd702bc-00315-0-4382139283698052-package.lock
56 silly lockFile c1542de7-nicholas-npm-n-2-0-1-package-tgz tar:///Users/nicholas/.npm/n/2.0.1/package.tgz
57 verbose lock tar:///Users/nicholas/.npm/n/2.0.1/package.tgz /Users/nicholas/.npm/c1542de7-nicholas-npm-n-2-0-1-package-tgz.lock
58 silly lockFile 6cd702bc-00315-0-4382139283698052-package tar:///var/folders/gh/3kgx81z17kn_zwtnm5qm327r0000gn/T/npm-12976-WenWPsnD/1439496000315-0.4382139283698052/package
59 silly lockFile 6cd702bc-00315-0-4382139283698052-package tar:///var/folders/gh/3kgx81z17kn_zwtnm5qm327r0000gn/T/npm-12976-WenWPsnD/1439496000315-0.4382139283698052/package
60 silly lockFile c1542de7-nicholas-npm-n-2-0-1-package-tgz tar:///Users/nicholas/.npm/n/2.0.1/package.tgz
61 silly lockFile c1542de7-nicholas-npm-n-2-0-1-package-tgz tar:///Users/nicholas/.npm/n/2.0.1/package.tgz
62 silly lockFile dc0025fe-ers-nicholas-npm-n-2-0-1-package /Users/nicholas/.npm/n/2.0.1/package
63 verbose lock /Users/nicholas/.npm/n/2.0.1/package /Users/nicholas/.npm/dc0025fe-ers-nicholas-npm-n-2-0-1-package.lock
64 silly lockFile dc0025fe-ers-nicholas-npm-n-2-0-1-package /Users/nicholas/.npm/n/2.0.1/package
65 silly lockFile dc0025fe-ers-nicholas-npm-n-2-0-1-package /Users/nicholas/.npm/n/2.0.1/package
66 verbose tar unpack /Users/nicholas/.npm/n/2.0.1/package.tgz
67 silly lockFile a44cf5b0-ers-nicholas-npm-n-2-0-1-package tar:///Users/nicholas/.npm/n/2.0.1/package
68 verbose lock tar:///Users/nicholas/.npm/n/2.0.1/package /Users/nicholas/.npm/a44cf5b0-ers-nicholas-npm-n-2-0-1-package.lock
69 silly lockFile c1542de7-nicholas-npm-n-2-0-1-package-tgz tar:///Users/nicholas/.npm/n/2.0.1/package.tgz
70 verbose lock tar:///Users/nicholas/.npm/n/2.0.1/package.tgz /Users/nicholas/.npm/c1542de7-nicholas-npm-n-2-0-1-package-tgz.lock
71 silly gunzTarPerm modes [ '755', '644' ]
72 silly gunzTarPerm extractEntry package.json
73 silly gunzTarPerm extractEntry Makefile
74 silly gunzTarPerm extractEntry Readme.md
75 silly gunzTarPerm extractEntry bin/n
76 silly lockFile a44cf5b0-ers-nicholas-npm-n-2-0-1-package tar:///Users/nicholas/.npm/n/2.0.1/package
77 silly lockFile a44cf5b0-ers-nicholas-npm-n-2-0-1-package tar:///Users/nicholas/.npm/n/2.0.1/package
78 silly lockFile c1542de7-nicholas-npm-n-2-0-1-package-tgz tar:///Users/nicholas/.npm/n/2.0.1/package.tgz
79 silly lockFile c1542de7-nicholas-npm-n-2-0-1-package-tgz tar:///Users/nicholas/.npm/n/2.0.1/package.tgz
80 verbose chmod /Users/nicholas/.npm/n/2.0.1/package.tgz 644
81 verbose chown /Users/nicholas/.npm/n/2.0.1/package.tgz [ 501, 20 ]
82 silly lockFile d1b20b4a-registry-npmjs-org-n-n-2-0-1-tgz https://registry.npmjs.org/n/-/n-2.0.1.tgz
83 silly lockFile d1b20b4a-registry-npmjs-org-n-n-2-0-1-tgz https://registry.npmjs.org/n/-/n-2.0.1.tgz
84 silly lockFile d13bfc7e-n-2-0-1 n@2.0.1
85 silly lockFile d13bfc7e-n-2-0-1 n@2.0.1
86 silly lockFile 6b58d7dc-n n@
87 silly lockFile 6b58d7dc-n n@
88 silly resolved [ { name: 'n',
88 silly resolved     description: 'node version manager',
88 silly resolved     version: '2.0.1',
88 silly resolved     author: { name: 'TJ Holowaychuk', email: 'tj@vision-media.ca' },
88 silly resolved     homepage: 'https://github.com/tj/n',
88 silly resolved     bugs: { url: 'https://github.com/tj/n/issues' },
88 silly resolved     contributors: [ [Object] ],
88 silly resolved     keywords:
88 silly resolved      [ 'nvm',
88 silly resolved        'node',
88 silly resolved        'version',
88 silly resolved        'manager',
88 silly resolved        'switcher',
88 silly resolved        'node',
88 silly resolved        'binary',
88 silly resolved        'env' ],
88 silly resolved     bin: { n: './bin/n' },
88 silly resolved     repository: { type: 'git', url: 'git://github.com/tj/n.git' },
88 silly resolved     preferGlobal: true,
88 silly resolved     os: [ '!win32' ],
88 silly resolved     engines: { node: '*' },
88 silly resolved     license: 'MIT',
88 silly resolved     readme: '# n\n\n[![Join the chat at https://gitter.im/tj/n](https://badges.gitter.im/Join%20Chat.svg)](https://gitter.im/tj/n?utm_source=badge&utm_medium=badge&utm_campaign=pr-badge&utm_content=badge)\n\nSimple flavour of node/iojs binary management, no subshells, no profile setup, no convoluted api, just _simple_.\n\n*Note: Does not work on Windows at the moment. Pull Requests are appreciated.*   \n*If you are searching for the latest version below 2.x.x, check out the branch "1.x.x"*\n\n ![](https://i.cloudup.com/59cA8VEDae.gif)\n\n## Installation\n\n    $ npm install -g n\n\nor\n\n    $ make install\n\nto `$HOME`. Prefix later calls to `n` with `N_PREFIX=$HOME`\n\n    $ PREFIX=$HOME make install\n\n### Installing Binaries\n\nInstall a few nodes:\n\n    $ n 0.8.14\n    $ n 0.8.17\n    $ n 0.9.6\n\nType `n` to prompt selection of an installed node. Use the up /\ndown arrow to navigate, and press enter or the right arrow to\nselect, or ^C to cancel:\n\n    $ n\n\n      0.8.14\n    ο 0.8.17\n      0.9.6\n\nUse or install the latest official release:\n\n    $ n latest\n\nUse or install the stable official release:\n\n    $ n stable\n\n### Removing Binaries\n\nRemove some versions:\n\n    $ n rm 0.9.4 v0.10.0\n\nInstead of using `rm` we can simply use `-`:\n\n    $ n - 0.9.4\n\n### Binary Usage\n\nWhen running multiple versions of node, we can target\nthem directly by asking `n` for the binary path:\n\n    $ n bin 0.9.4\n    /usr/local/n/versions/0.9.4/bin/node\n\nOr by using a specific version through `n`\'s `use` sub-command:\n\n    $ n use 0.9.4 some.js\n\nwith flags:\n\n    $ n as 0.9.4 --debug some.js\n\n### Different Architectures\n\nBy default `n` picks the binaries matching your system architecture, e.g. `n` will download 64 bit binaries for a 64 bit system. You can override this by using the `-a` or `--arch` option.\n\nDownload and use latest 32 bit version of node:\n\n    $ n --arch x86 latest\n\nDownload and use latest 32 bit version of iojs:\n\n    $ n io --arch x86 latest\n\n\n## Usage\n\n Output from `n --help`:\n\n    Usage: n [options/env] [COMMAND] [args]\n\n    Environments:\n     n [COMMAND] [args]            Uses default env (node)\n     n io [COMMAND]                Sets env as io\n\n    Commands:\n\n      n                              Output versions installed\n      n latest                       Install or activate the latest node release\n      n -a x86 latest                As above but force 32 bit architecture\n      n stable                       Install or activate the latest stable node release\n      n <version>                    Install node <version>\n      n use <version> [args ...]     Execute node <version> with [args ...]\n      n bin <version>                Output bin path for <version>\n      n rm <version ...>             Remove the given version(s)\n      n --latest                     Output the latest node version available\n      n --stable                     Output the latest stable node version available\n      n ls                           Output the versions of node available\n\n    (iojs):\n\n      n io latest                    Install or activate the latest iojs release\n      n io -a x86 latest             As above but force 32 bit architecture\n      n io <version>                 Install iojs <version>\n      n io use <version> [args ...]  Execute iojs <version> with [args ...]\n      n io bin <version>             Output bin path for <version>\n      n io rm <version ...>          Remove the given version(s)\n      n io --latest                  Output the latest iojs version available\n      n io ls                        Output the versions of iojs available\n\n    Options:\n\n      -V, --version   Output current version of n\n      -h, --help      Display help information\n      -q, --quiet     Disable curl output (if available)\n      -d, --download  Download only\n      -a, --arch      Override system architecture\n\n    Aliases:\n\n      which   bin\n      use     as\n      list    ls\n      -       rm\n\n## Details\n\n `n` by default installs node to _/usr/local/n/versions_, from\n which it can see what you have currently installed, and activate previously installed versions of node when `n <version>` is invoked again.\n\n Activated nodes are then installed to the prefix _/usr/local_, which of course may be altered via the __N_PREFIX__ environment variable.\n\n To alter where `n` operates simply export __N_PREFIX__ to whatever you prefer.\n\n## License\n\n(The MIT License)\n\nCopyright (c) 2014 TJ Holowaychuk &lt;tj@vision-media.ca&gt;\n\nPermission is hereby granted, free of charge, to any person obtaining\na copy of this software and associated documentation files (the\n\'Software\'), to deal in the Software without restriction, including\nwithout limitation the rights to use, copy, modify, merge, publish,\ndistribute, sublicense, and/or sell copies of the Software, and to\npermit persons to whom the Software is furnished to do so, subject to\nthe following conditions:\n\nThe above copyright notice and this permission notice shall be\nincluded in all copies or substantial portions of the Software.\n\nTHE SOFTWARE IS PROVIDED \'AS IS\', WITHOUT WARRANTY OF ANY KIND,\nEXPRESS OR IMPLIED, INCLUDING BUT NOT LIMITED TO THE WARRANTIES OF\nMERCHANTABILITY, FITNESS FOR A PARTICULAR PURPOSE AND NONINFRINGEMENT.\nIN NO EVENT SHALL THE AUTHORS OR COPYRIGHT HOLDERS BE LIABLE FOR ANY\nCLAIM, DAMAGES OR OTHER LIABILITY, WHETHER IN AN ACTION OF CONTRACT,\nTORT OR OTHERWISE, ARISING FROM, OUT OF OR IN CONNECTION WITH THE\nSOFTWARE OR THE USE OR OTHER DEALINGS IN THE SOFTWARE.\n',
88 silly resolved     readmeFilename: 'Readme.md',
88 silly resolved     _id: 'n@2.0.1',
88 silly resolved     dist: { shasum: 'b327196797e9cd2d48f6d1fe6a8191ec4a92c4c1' },
88 silly resolved     _from: 'n@',
88 silly resolved     _resolved: 'https://registry.npmjs.org/n/-/n-2.0.1.tgz' } ]
89 info install n@2.0.1 into /usr/local/lib
90 info installOne n@2.0.1
91 info /usr/local/lib/node_modules/n unbuild
92 info preuninstall n@1.2.1
93 info uninstall n@1.2.1
94 verbose true,/usr/local/lib/node_modules,/usr/local/lib/node_modules unbuild n@1.2.1
95 verbose /usr/local/bin,[object Object] binRoot
96 info postuninstall n@1.2.1
97 info /usr/local/lib/node_modules/n unbuild
98 info preuninstall n@1.2.1
99 info uninstall n@1.2.1
100 verbose true,/usr/local/lib/node_modules,/usr/local/lib/node_modules unbuild n@1.2.1
101 verbose /usr/local/bin,[object Object] binRoot
102 info postuninstall n@1.2.1
103 error error rolling back Error: EACCES, unlink '/usr/local/lib/node_modules/n'
103 error error rolling back  n@2.0.1 { [Error: EACCES, unlink '/usr/local/lib/node_modules/n']
103 error error rolling back   errno: 3,
103 error error rolling back   code: 'EACCES',
103 error error rolling back   path: '/usr/local/lib/node_modules/n' }
104 error Error: EACCES, unlink '/usr/local/lib/node_modules/n'
104 error  { [Error: EACCES, unlink '/usr/local/lib/node_modules/n']
104 error   errno: 3,
104 error   code: 'EACCES',
104 error   path: '/usr/local/lib/node_modules/n' }
105 error Please try running this command again as root/Administrator.
106 error System Darwin 14.4.0
107 error command "/usr/local/bin/node" "/usr/local/bin/npm" "install" "-g" "n"
108 error cwd /Users/nicholas/Projects/o3cafe/cafe
109 error node -v v0.10.25
110 error npm -v 1.3.24
111 error path /usr/local/lib/node_modules/n
112 error code EACCES
113 error errno 3
114 error stack Error: EACCES, unlink '/usr/local/lib/node_modules/n'
115 verbose exit [ 3, true ]
